<?xml version="1.0" encoding="UTF-8"?>
<testsuites>
  <testsuite name="Test\TestEntity" file="/home/emeka/Documents/.Project/php/package/Candy/tests/TestEntity.php" tests="3" assertions="3" failures="0" errors="0" time="0.155274">
    <testcase name="testGetEntity" class="Test\TestEntity" file="/home/emeka/Documents/.Project/php/package/Candy/tests/TestEntity.php" line="15" assertions="1" time="0.118190"/>
    <testcase name="testWhereEntity" class="Test\TestEntity" file="/home/emeka/Documents/.Project/php/package/Candy/tests/TestEntity.php" line="28" assertions="1" time="0.017931"/>
    <testcase name="testFindEntity" class="Test\TestEntity" file="/home/emeka/Documents/.Project/php/package/Candy/tests/TestEntity.php" line="40" assertions="1" time="0.019153"/>
  </testsuite>
</testsuites>
